<?xml version="1.0" encoding="UTF-8"?>
<testsuite name="test_singleton_hotel_manager_tests.MyTestCase-20240426170834" tests="1" file="test_singleton_hotel_manager_tests.py" time="0.001" timestamp="2024-04-26T17:08:34" failures="0" errors="0" skipped="0">
	<testcase classname="test_singleton_hotel_manager_tests.MyTestCase" name="test_singleton_hotel_manager" time="0.001" timestamp="2024-04-26T17:08:34"/>
</testsuite>
