<?xml version="1.0" encoding="UTF-8"?>
<testsuite name="test_room_reservation_tests.TestHotelReservation-20240418175344" tests="3" file="test_room_reservation_tests.py" time="0.188" timestamp="2024-04-18T17:53:45" failures="0" errors="0" skipped="0">
	<testcase classname="test_room_reservation_tests.TestHotelReservation" name="test_duplicated_id_reservation_tests" time="0.003" timestamp="2024-04-18T17:53:44"/>
	<testcase classname="test_room_reservation_tests.TestHotelReservation" name="test_duplicated_reservation_tests" time="0.010" timestamp="2024-04-18T17:53:44"/>
	<testcase classname="test_room_reservation_tests.TestHotelReservation" name="test_parametrized_cases_tests" time="0.176" timestamp="2024-04-18T17:53:45"/>
</testsuite>
