<?xml version="1.0" encoding="UTF-8"?>
<testsuite name="test_room_reservation_tests.TestHotelReservation-20240426164734" tests="3" file="test_room_reservation_tests.py" time="0.125" timestamp="2024-04-26T16:47:35" failures="0" errors="0" skipped="0">
	<testcase classname="test_room_reservation_tests.TestHotelReservation" name="test_duplicated_id_reservation_tests" time="0.001" timestamp="2024-04-26T16:47:34"/>
	<testcase classname="test_room_reservation_tests.TestHotelReservation" name="test_duplicated_reservation_tests" time="0.003" timestamp="2024-04-26T16:47:34"/>
	<testcase classname="test_room_reservation_tests.TestHotelReservation" name="test_parametrized_cases_tests" time="0.121" timestamp="2024-04-26T16:47:35"/>
</testsuite>
