<?xml version="1.0" encoding="UTF-8"?>
<testsuite name="test_guest_arrival_tests.TestHotelReservation-20240425133136" tests="3" file="test_guest_arrival_tests.py" time="0.127" timestamp="2024-04-25T13:31:36" failures="0" errors="0" skipped="0">
	<testcase classname="test_guest_arrival_tests.TestHotelReservation" name="test_case_valid_reservation_invalid_arrival_date" time="0.005" timestamp="2024-04-25T13:31:36"/>
	<testcase classname="test_guest_arrival_tests.TestHotelReservation" name="test_get_reservation_data_manipulated_tests" time="0.005" timestamp="2024-04-25T13:31:36"/>
	<testcase classname="test_guest_arrival_tests.TestHotelReservation" name="test_parametrized_cases_tests" time="0.117" timestamp="2024-04-25T13:31:36"/>
</testsuite>
