<?xml version="1.0" encoding="UTF-8"?>
<testsuite name="test_guest_arrival_tests.TestHotelReservation-20240418175912" tests="3" file="test_guest_arrival_tests.py" time="0.519" timestamp="2024-04-18T17:59:14" failures="0" errors="0" skipped="0">
	<testcase classname="test_guest_arrival_tests.TestHotelReservation" name="test_case_valid_reservation_invalid_arrival_date" time="0.023" timestamp="2024-04-18T17:59:13"/>
	<testcase classname="test_guest_arrival_tests.TestHotelReservation" name="test_get_reservation_data_manipulated_tests" time="0.026" timestamp="2024-04-18T17:59:14"/>
	<testcase classname="test_guest_arrival_tests.TestHotelReservation" name="test_parametrized_cases_tests" time="0.470" timestamp="2024-04-18T17:59:14"/>
</testsuite>
