<?xml version="1.0" encoding="UTF-8"?>
<testsuite name="test_room_reservation_tests.TestHotelReservation-20240411181942" tests="3" file="test_room_reservation_tests.py" time="0.143" timestamp="2024-04-11T18:19:43" failures="0" errors="0" skipped="0">
	<testcase classname="test_room_reservation_tests.TestHotelReservation" name="test_duplicated_id_reservation_tests" time="0.001" timestamp="2024-04-11T18:19:43"/>
	<testcase classname="test_room_reservation_tests.TestHotelReservation" name="test_duplicated_reservation_tests" time="0.006" timestamp="2024-04-11T18:19:43"/>
	<testcase classname="test_room_reservation_tests.TestHotelReservation" name="test_parametrized_cases_tests" time="0.135" timestamp="2024-04-11T18:19:43"/>
</testsuite>
