<?xml version="1.0" encoding="UTF-8"?>
<testsuite name="test_singleton_hotel_manager_tests.MyTestCase-20240418180459" tests="1" file="test_singleton_hotel_manager_tests.py" time="0.001" timestamp="2024-04-18T18:04:59" failures="0" errors="0" skipped="0">
	<testcase classname="test_singleton_hotel_manager_tests.MyTestCase" name="test_singleton_hotel_manager" time="0.001" timestamp="2024-04-18T18:04:59"/>
</testsuite>
