<?xml version="1.0" encoding="UTF-8"?>
<testsuite name="test_room_reservation_tests.TestHotelReservation-20240425165004" tests="3" file="test_room_reservation_tests.py" time="0.110" timestamp="2024-04-25T16:50:05" failures="0" errors="0" skipped="0">
	<testcase classname="test_room_reservation_tests.TestHotelReservation" name="test_duplicated_id_reservation_tests" time="0.001" timestamp="2024-04-25T16:50:05"/>
	<testcase classname="test_room_reservation_tests.TestHotelReservation" name="test_duplicated_reservation_tests" time="0.006" timestamp="2024-04-25T16:50:05"/>
	<testcase classname="test_room_reservation_tests.TestHotelReservation" name="test_parametrized_cases_tests" time="0.103" timestamp="2024-04-25T16:50:05"/>
</testsuite>
