<?xml version="1.0" encoding="UTF-8"?>
<testsuite name="test_room_reservation_tests.TestHotelReservation-20240411183701" tests="3" file="test_room_reservation_tests.py" time="0.168" timestamp="2024-04-11T18:37:03" failures="0" errors="0" skipped="0">
	<testcase classname="test_room_reservation_tests.TestHotelReservation" name="test_duplicated_id_reservation_tests" time="0.002" timestamp="2024-04-11T18:37:03"/>
	<testcase classname="test_room_reservation_tests.TestHotelReservation" name="test_duplicated_reservation_tests" time="0.007" timestamp="2024-04-11T18:37:03"/>
	<testcase classname="test_room_reservation_tests.TestHotelReservation" name="test_parametrized_cases_tests" time="0.159" timestamp="2024-04-11T18:37:03"/>
</testsuite>
