<?xml version="1.0" encoding="UTF-8"?>
<testsuite name="test_room_reservation_tests.TestHotelReservation-20240426173539" tests="3" file="test_room_reservation_tests.py" time="0.224" timestamp="2024-04-26T17:35:40" failures="0" errors="0" skipped="0">
	<testcase classname="test_room_reservation_tests.TestHotelReservation" name="test_duplicated_id_reservation_tests" time="0.004" timestamp="2024-04-26T17:35:40"/>
	<testcase classname="test_room_reservation_tests.TestHotelReservation" name="test_duplicated_reservation_tests" time="0.005" timestamp="2024-04-26T17:35:40"/>
	<testcase classname="test_room_reservation_tests.TestHotelReservation" name="test_parametrized_cases_tests" time="0.215" timestamp="2024-04-26T17:35:40"/>
</testsuite>
