<?xml version="1.0" encoding="UTF-8"?>
<testsuite name="test_guest_arrival_tests.TestHotelReservation-20240425163301" tests="3" file="test_guest_arrival_tests.py" time="0.213" timestamp="2024-04-25T16:33:02" failures="0" errors="0" skipped="0">
	<testcase classname="test_guest_arrival_tests.TestHotelReservation" name="test_case_valid_reservation_invalid_arrival_date" time="0.010" timestamp="2024-04-25T16:33:02"/>
	<testcase classname="test_guest_arrival_tests.TestHotelReservation" name="test_get_reservation_data_manipulated_tests" time="0.011" timestamp="2024-04-25T16:33:02"/>
	<testcase classname="test_guest_arrival_tests.TestHotelReservation" name="test_parametrized_cases_tests" time="0.191" timestamp="2024-04-25T16:33:02"/>
</testsuite>
